<?xml version="1.0" encoding="UTF-8"?>
<testsuite name="test_scripts.ProductBuyFlowTest" tests="1" skipped="0" failures="0" errors="0" timestamp="2023-03-05T15:08:05" hostname="USER-PC" time="110.033">
  <properties/>
  <testcase name="userShouldBeAbleToBuyProduct" classname="test_scripts.ProductBuyFlowTest" time="110.033"/>
  <system-out><![CDATA[]]></system-out>
  <system-err><![CDATA[SLF4J: Failed to load class "org.slf4j.impl.StaticLoggerBinder".
SLF4J: Defaulting to no-operation (NOP) logger implementation
SLF4J: See http://www.slf4j.org/codes.html#StaticLoggerBinder for further details.
Starting ChromeDriver 110.0.5481.77 (65ed616c6e8ee3fe0ad64fe83796c020644d42af-refs/branch-heads/5481@{#839}) on port 15665
Only local connections are allowed.
Please see https://chromedriver.chromium.org/security-considerations for suggestions on keeping ChromeDriver safe.
ChromeDriver was started successfully.
[1678028833.514][WARNING]: virtual void DevToolsClientImpl::AddListener(DevToolsEventListener *) subscribing a listener to the already connected DevToolsClient. Connection notification will not arrive.
]]></system-err>
</testsuite>
